A899
conectando ao site do inmet
conectado com sucesso
driver is running
Firefox is still running, we can quit
dados da estacao A899 inseridos no banco
A802
conectando ao site do inmet
conectado com sucesso
driver is running
Firefox is still running, we can quit
dados da estacao A802 inseridos no banco
A878
conectando ao site do inmet
conectado com sucesso
driver is running
Firefox is still running, we can quit
Não há dados para a estação  A878!
A834
conectando ao site do inmet
conectado com sucesso
driver is running
Firefox is still running, we can quit
dados da estacao A834 inseridos no banco
A808
conectando ao site do inmet
conectado com sucesso
driver is running
Firefox is still running, we can quit
Não há dados para a estação  A808!
A867
conectando ao site do inmet
conectado com sucesso
driver is running
Firefox is still running, we can quit
dados da estacao A867 inseridos no banco
A866
conectando ao site do inmet
conectado com sucesso
driver is running
Firefox is still running, we can quit
dados da estacao A866 inseridos no banco
A806
conectando ao site do inmet
conectado com sucesso
driver is running
Firefox is still running, we can quit
dados da estacao A806 inseridos no banco
A868
conectando ao site do inmet
conectado com sucesso
driver is running
Firefox is still running, we can quit
Não há dados para a estação  A868!
A851
conectando ao site do inmet
conectado com sucesso
driver is running
Firefox is still running, we can quit
dados da estacao A851 inseridos no banco
A873
conectando ao site do inmet
