Done! downloading the dataset zip .....
Dados PODAAC-ASOP2-25X01 OK!
Done! downloading the dataset zip .....
Dados PODAAC-ASOP2-25B01 OK!
Done! downloading the dataset zip .....
Dados PODAAC-ASOP2-25C01 OK!
                         lat      lon        wdir   wspd sat
datahora                                                    
2021-01-08 11:58:48   6.8329 -45.0069  234.899994   9.99   A
2021-01-08 11:58:52   6.6144 -45.0594  234.600006  10.25   A
2021-01-08 11:58:56   6.3958 -45.1117  235.899994  10.48   A
2021-01-08 11:59:00   6.1772 -45.1639  237.800003  10.26   A
2021-01-08 11:59:03   5.9587 -45.2159  239.199997   9.69   A
...                      ...      ...         ...    ...  ..
2021-01-10 11:57:07 -34.0926 -52.0386  275.000000   6.13   C
2021-01-10 11:57:11 -34.3048 -52.1294  272.500000   6.82   C
2021-01-10 11:57:15 -34.5170 -52.2207  270.700012   6.83   C
2021-01-10 11:57:18 -34.7291 -52.3126  269.100006   6.68   C
2021-01-10 11:57:22 -34.9412 -52.4050  264.600006   6.51   C

[84073 rows x 5 columns]
Programa finalizado.
