
Please wait while program searching for the granules ...

 
Longitude range: -56.300000 to -56.300000
Latitude range: -40.050000 to -40.050000
  every 1 pixel(s) is obtained
 
grid dimensions will be ( 2 x 2 )
 
20200824090000-JPL-L4_GHRSST-SSTfnd-MUR-GLOB-v02.0-fv04.1-56.3_-40.05_subset_MUR.nc download finished !
20200825090000-JPL-L4_GHRSST-SSTfnd-MUR-GLOB-v02.0-fv04.1-56.3_-40.05_subset_MUR.nc download finished !
Time spend = 2.124023914337158 seconds

Please wait while program searching for the granules ...

 
Longitude range: -55.850000 to -55.850000
Latitude range: -39.100000 to -39.100000
  every 1 pixel(s) is obtained
 
grid dimensions will be ( 2 x 2 )
 
20200824090000-JPL-L4_GHRSST-SSTfnd-MUR-GLOB-v02.0-fv04.1-55.85_-39.1_subset_MUR.nc download finished !
20200825090000-JPL-L4_GHRSST-SSTfnd-MUR-GLOB-v02.0-fv04.1-55.85_-39.1_subset_MUR.nc download finished !
Time spend = 1.517122745513916 seconds

Please wait while program searching for the granules ...

 
Longitude range: -55.490000 to -55.490000
Latitude range: -38.030000 to -38.030000
  every 1 pixel(s) is obtained
 
grid dimensions will be ( 2 x 2 )
 
20200824090000-JPL-L4_GHRSST-SSTfnd-MUR-GLOB-v02.0-fv04.1-55.49_-38.03_subset_MUR.nc download finished !
20200825090000-JPL-L4_GHRSST-SSTfnd-MUR-GLOB-v02.0-fv04.1-55.49_-38.03_subset_MUR.nc download finished !
Time spend = 1.7001888751983643 seconds

Please wait while program searching for the granules ...

 
Longitude range: -54.680000 to -54.680000
Latitude range: -37.040000 to -37.040000
  every 1 pixel(s) is obtained
 
grid dimensions will be ( 2 x 2 )
 
20200824090000-JPL-L4_GHRSST-SSTfnd-MUR-GLOB-v02.0-fv04.1-54.68_-37.04_subset_MUR.nc download finished !
20200825090000-JPL-L4_GHRSST-SSTfnd-MUR-GLOB-v02.0-fv04.1-54.68_-37.04_subset_MUR.nc download finished !
Time spend = 1.4937148094177246 seconds

Please wait while program searching for the granules ...

 
Longitude range: -53.680000 to -53.680000
Latitude range: -36.070000 to -36.070000
  every 1 pixel(s) is obtained
 
grid dimensions will be ( 2 x 2 )
 
20200824090000-JPL-L4_GHRSST-SSTfnd-MUR-GLOB-v02.0-fv04.1-53.68_-36.07_subset_MUR.nc download finished !
20200825090000-JPL-L4_GHRSST-SSTfnd-MUR-GLOB-v02.0-fv04.1-53.68_-36.07_subset_MUR.nc download finished !
Time spend = 1.5067551136016846 seconds

Please wait while program searching for the granules ...

 
Longitude range: -52.600000 to -52.600000
Latitude range: -35.010000 to -35.010000
  every 1 pixel(s) is obtained
 
grid dimensions will be ( 2 x 2 )
 
20200824090000-JPL-L4_GHRSST-SSTfnd-MUR-GLOB-v02.0-fv04.1-52.6_-35.01_subset_MUR.nc download finished !
20200825090000-JPL-L4_GHRSST-SSTfnd-MUR-GLOB-v02.0-fv04.1-52.6_-35.01_subset_MUR.nc download finished !
Time spend = 1.467552661895752 seconds

Please wait while program searching for the granules ...

 
Longitude range: -51.710000 to -51.710000
Latitude range: -34.000000 to -34.000000
  every 1 pixel(s) is obtained
 
grid dimensions will be ( 2 x 2 )
 
20200824090000-JPL-L4_GHRSST-SSTfnd-MUR-GLOB-v02.0-fv04.1-51.71_-34.0_subset_MUR.nc download finished !
20200825090000-JPL-L4_GHRSST-SSTfnd-MUR-GLOB-v02.0-fv04.1-51.71_-34.0_subset_MUR.nc download finished !
Time spend = 1.511775255203247 seconds

Please wait while program searching for the granules ...

 
Longitude range: -50.560000 to -50.560000
Latitude range: -33.100000 to -33.100000
  every 1 pixel(s) is obtained
 
grid dimensions will be ( 2 x 2 )
 
20200824090000-JPL-L4_GHRSST-SSTfnd-MUR-GLOB-v02.0-fv04.1-50.56_-33.1_subset_MUR.nc download finished !
20200825090000-JPL-L4_GHRSST-SSTfnd-MUR-GLOB-v02.0-fv04.1-50.56_-33.1_subset_MUR.nc download finished !
Time spend = 1.492722988128662 seconds

Please wait while program searching for the granules ...

 
Longitude range: -50.350000 to -50.350000
Latitude range: -32.020000 to -32.020000
  every 1 pixel(s) is obtained
 
grid dimensions will be ( 2 x 2 )
 
20200824090000-JPL-L4_GHRSST-SSTfnd-MUR-GLOB-v02.0-fv04.1-50.35_-32.02_subset_MUR.nc download finished !
20200825090000-JPL-L4_GHRSST-SSTfnd-MUR-GLOB-v02.0-fv04.1-50.35_-32.02_subset_MUR.nc download finished !
Time spend = 1.4895222187042236 seconds

Please wait while program searching for the granules ...

 
Longitude range: -50.120000 to -50.120000
Latitude range: -31.010000 to -31.010000
  every 1 pixel(s) is obtained
 
grid dimensions will be ( 2 x 2 )
 
20200824090000-JPL-L4_GHRSST-SSTfnd-MUR-GLOB-v02.0-fv04.1-50.12_-31.01_subset_MUR.nc download finished !
20200825090000-JPL-L4_GHRSST-SSTfnd-MUR-GLOB-v02.0-fv04.1-50.12_-31.01_subset_MUR.nc download finished !
Time spend = 1.4865694046020508 seconds

Please wait while program searching for the granules ...

 
Longitude range: -49.190000 to -49.190000
Latitude range: -30.020000 to -30.020000
  every 1 pixel(s) is obtained
 
grid dimensions will be ( 2 x 2 )
 
20200824090000-JPL-L4_GHRSST-SSTfnd-MUR-GLOB-v02.0-fv04.1-49.19_-30.02_subset_MUR.nc download finished !
20200825090000-JPL-L4_GHRSST-SSTfnd-MUR-GLOB-v02.0-fv04.1-49.19_-30.02_subset_MUR.nc download finished !
Time spend = 1.4469225406646729 seconds

Please wait while program searching for the granules ...

 
Longitude range: -48.520000 to -48.520000
Latitude range: -29.020000 to -29.020000
  every 1 pixel(s) is obtained
 
grid dimensions will be ( 2 x 2 )
 
20200824090000-JPL-L4_GHRSST-SSTfnd-MUR-GLOB-v02.0-fv04.1-48.52_-29.02_subset_MUR.nc download finished !
20200825090000-JPL-L4_GHRSST-SSTfnd-MUR-GLOB-v02.0-fv04.1-48.52_-29.02_subset_MUR.nc download finished !
Time spend = 1.4893577098846436 seconds

Please wait while program searching for the granules ...

 
Longitude range: -47.850000 to -47.850000
Latitude range: -28.060000 to -28.060000
  every 1 pixel(s) is obtained
 
grid dimensions will be ( 2 x 2 )
 
20200824090000-JPL-L4_GHRSST-SSTfnd-MUR-GLOB-v02.0-fv04.1-47.85_-28.06_subset_MUR.nc download finished !
20200825090000-JPL-L4_GHRSST-SSTfnd-MUR-GLOB-v02.0-fv04.1-47.85_-28.06_subset_MUR.nc download finished !
Time spend = 1.511293888092041 seconds

Please wait while program searching for the granules ...

 
Longitude range: -47.700000 to -47.700000
Latitude range: -27.020000 to -27.020000
  every 1 pixel(s) is obtained
 
grid dimensions will be ( 2 x 2 )
 
20200824090000-JPL-L4_GHRSST-SSTfnd-MUR-GLOB-v02.0-fv04.1-47.7_-27.02_subset_MUR.nc download finished !
20200825090000-JPL-L4_GHRSST-SSTfnd-MUR-GLOB-v02.0-fv04.1-47.7_-27.02_subset_MUR.nc download finished !
Time spend = 1.3207049369812012 seconds

Please wait while program searching for the granules ...

 
Longitude range: -47.130000 to -47.130000
Latitude range: -26.050000 to -26.050000
  every 1 pixel(s) is obtained
 
grid dimensions will be ( 2 x 2 )
 
20200824090000-JPL-L4_GHRSST-SSTfnd-MUR-GLOB-v02.0-fv04.1-47.13_-26.05_subset_MUR.nc download finished !
20200825090000-JPL-L4_GHRSST-SSTfnd-MUR-GLOB-v02.0-fv04.1-47.13_-26.05_subset_MUR.nc download finished !
Time spend = 1.3705120086669922 seconds

Please wait while program searching for the granules ...

 
Longitude range: -45.570000 to -45.570000
Latitude range: -25.040000 to -25.040000
  every 1 pixel(s) is obtained
 
grid dimensions will be ( 2 x 2 )
 
20200824090000-JPL-L4_GHRSST-SSTfnd-MUR-GLOB-v02.0-fv04.1-45.57_-25.04_subset_MUR.nc download finished !
20200825090000-JPL-L4_GHRSST-SSTfnd-MUR-GLOB-v02.0-fv04.1-45.57_-25.04_subset_MUR.nc download finished !
Time spend = 1.3541181087493896 seconds

Please wait while program searching for the granules ...

 
Longitude range: -44.620000 to -44.620000
Latitude range: -24.050000 to -24.050000
  every 1 pixel(s) is obtained
 
grid dimensions will be ( 2 x 2 )
 
20200824090000-JPL-L4_GHRSST-SSTfnd-MUR-GLOB-v02.0-fv04.1-44.62_-24.05_subset_MUR.nc download finished !
20200825090000-JPL-L4_GHRSST-SSTfnd-MUR-GLOB-v02.0-fv04.1-44.62_-24.05_subset_MUR.nc download finished !
Time spend = 1.3559224605560303 seconds

Please wait while program searching for the granules ...

 
Longitude range: -43.910000 to -43.910000
Latitude range: -23.710000 to -23.710000
  every 1 pixel(s) is obtained
 
grid dimensions will be ( 2 x 2 )
 
20200824090000-JPL-L4_GHRSST-SSTfnd-MUR-GLOB-v02.0-fv04.1-43.91_-23.71_subset_MUR.nc download finished !
20200825090000-JPL-L4_GHRSST-SSTfnd-MUR-GLOB-v02.0-fv04.1-43.91_-23.71_subset_MUR.nc download finished !
Time spend = 1.310506820678711 seconds

Please wait while program searching for the granules ...

 
Longitude range: -42.940000 to -42.940000
Latitude range: -23.300000 to -23.300000
  every 1 pixel(s) is obtained
 
grid dimensions will be ( 2 x 2 )
 
20200824090000-JPL-L4_GHRSST-SSTfnd-MUR-GLOB-v02.0-fv04.1-42.94_-23.3_subset_MUR.nc download finished !
20200825090000-JPL-L4_GHRSST-SSTfnd-MUR-GLOB-v02.0-fv04.1-42.94_-23.3_subset_MUR.nc download finished !
Time spend = 1.3546764850616455 seconds

Please wait while program searching for the granules ...

 
Longitude range: -41.910000 to -41.910000
Latitude range: -23.270000 to -23.270000
  every 1 pixel(s) is obtained
 
grid dimensions will be ( 2 x 2 )
 
20200824090000-JPL-L4_GHRSST-SSTfnd-MUR-GLOB-v02.0-fv04.1-41.91_-23.27_subset_MUR.nc download finished !
20200825090000-JPL-L4_GHRSST-SSTfnd-MUR-GLOB-v02.0-fv04.1-41.91_-23.27_subset_MUR.nc download finished !
Time spend = 1.2904489040374756 seconds

Please wait while program searching for the granules ...

 
Longitude range: -41.020000 to -41.020000
Latitude range: -22.990000 to -22.990000
  every 1 pixel(s) is obtained
 
grid dimensions will be ( 2 x 2 )
 
20200824090000-JPL-L4_GHRSST-SSTfnd-MUR-GLOB-v02.0-fv04.1-41.02_-22.99_subset_MUR.nc download finished !
20200825090000-JPL-L4_GHRSST-SSTfnd-MUR-GLOB-v02.0-fv04.1-41.02_-22.99_subset_MUR.nc download finished !
Time spend = 1.2570264339447021 seconds

Please wait while program searching for the granules ...

 
Longitude range: -40.070000 to -40.070000
Latitude range: -22.090000 to -22.090000
  every 1 pixel(s) is obtained
 
grid dimensions will be ( 2 x 2 )
 
20200824090000-JPL-L4_GHRSST-SSTfnd-MUR-GLOB-v02.0-fv04.1-40.07_-22.09_subset_MUR.nc download finished !
20200825090000-JPL-L4_GHRSST-SSTfnd-MUR-GLOB-v02.0-fv04.1-40.07_-22.09_subset_MUR.nc download finished !
Time spend = 1.3830173015594482 seconds

Please wait while program searching for the granules ...

 
Longitude range: -40.180000 to -40.180000
Latitude range: -21.040000 to -21.040000
  every 1 pixel(s) is obtained
 
grid dimensions will be ( 2 x 2 )
 
20200824090000-JPL-L4_GHRSST-SSTfnd-MUR-GLOB-v02.0-fv04.1-40.18_-21.04_subset_MUR.nc download finished !
20200825090000-JPL-L4_GHRSST-SSTfnd-MUR-GLOB-v02.0-fv04.1-40.18_-21.04_subset_MUR.nc download finished !
Time spend = 1.3423314094543457 seconds

Please wait while program searching for the granules ...

 
Longitude range: -39.760000 to -39.760000
Latitude range: -20.020000 to -20.020000
  every 1 pixel(s) is obtained
 
grid dimensions will be ( 2 x 2 )
 
20200824090000-JPL-L4_GHRSST-SSTfnd-MUR-GLOB-v02.0-fv04.1-39.76_-20.02_subset_MUR.nc download finished !
20200825090000-JPL-L4_GHRSST-SSTfnd-MUR-GLOB-v02.0-fv04.1-39.76_-20.02_subset_MUR.nc download finished !
Time spend = 1.3403911590576172 seconds

Please wait while program searching for the granules ...

 
Longitude range: -38.830000 to -38.830000
Latitude range: -20.050000 to -20.050000
  every 1 pixel(s) is obtained
 
grid dimensions will be ( 2 x 2 )
 
20200824090000-JPL-L4_GHRSST-SSTfnd-MUR-GLOB-v02.0-fv04.1-38.83_-20.05_subset_MUR.nc download finished !
20200825090000-JPL-L4_GHRSST-SSTfnd-MUR-GLOB-v02.0-fv04.1-38.83_-20.05_subset_MUR.nc download finished !
Time spend = 1.3703134059906006 seconds

Please wait while program searching for the granules ...

 
Longitude range: -37.920000 to -37.920000
Latitude range: -19.900000 to -19.900000
  every 1 pixel(s) is obtained
 
grid dimensions will be ( 2 x 2 )
 
20200824090000-JPL-L4_GHRSST-SSTfnd-MUR-GLOB-v02.0-fv04.1-37.92_-19.9_subset_MUR.nc download finished !
20200825090000-JPL-L4_GHRSST-SSTfnd-MUR-GLOB-v02.0-fv04.1-37.92_-19.9_subset_MUR.nc download finished !
Time spend = 1.2792787551879883 seconds

Please wait while program searching for the granules ...

 
Longitude range: -37.800000 to -37.800000
Latitude range: -19.010000 to -19.010000
  every 1 pixel(s) is obtained
 
grid dimensions will be ( 2 x 2 )
 
20200824090000-JPL-L4_GHRSST-SSTfnd-MUR-GLOB-v02.0-fv04.1-37.8_-19.01_subset_MUR.nc download finished !
20200825090000-JPL-L4_GHRSST-SSTfnd-MUR-GLOB-v02.0-fv04.1-37.8_-19.01_subset_MUR.nc download finished !
Time spend = 1.3768751621246338 seconds

Please wait while program searching for the granules ...

 
Longitude range: -37.360000 to -37.360000
Latitude range: -18.050000 to -18.050000
  every 1 pixel(s) is obtained
 
grid dimensions will be ( 2 x 2 )
 
20200824090000-JPL-L4_GHRSST-SSTfnd-MUR-GLOB-v02.0-fv04.1-37.36_-18.05_subset_MUR.nc download finished !
20200825090000-JPL-L4_GHRSST-SSTfnd-MUR-GLOB-v02.0-fv04.1-37.36_-18.05_subset_MUR.nc download finished !
Time spend = 1.4557600021362305 seconds

Please wait while program searching for the granules ...

 
Longitude range: -38.620000 to -38.620000
Latitude range: -17.080000 to -17.080000
  every 1 pixel(s) is obtained
 
grid dimensions will be ( 2 x 2 )
 
20200824090000-JPL-L4_GHRSST-SSTfnd-MUR-GLOB-v02.0-fv04.1-38.62_-17.08_subset_MUR.nc download finished !
20200825090000-JPL-L4_GHRSST-SSTfnd-MUR-GLOB-v02.0-fv04.1-38.62_-17.08_subset_MUR.nc download finished !
Time spend = 1.3872663974761963 seconds

Please wait while program searching for the granules ...

 
Longitude range: -37.920000 to -37.920000
Latitude range: -16.040000 to -16.040000
  every 1 pixel(s) is obtained
 
grid dimensions will be ( 2 x 2 )
 
20200824090000-JPL-L4_GHRSST-SSTfnd-MUR-GLOB-v02.0-fv04.1-37.92_-16.04_subset_MUR.nc download finished !
20200825090000-JPL-L4_GHRSST-SSTfnd-MUR-GLOB-v02.0-fv04.1-37.92_-16.04_subset_MUR.nc download finished !
Time spend = 1.29512619972229 seconds

Please wait while program searching for the granules ...

 
Longitude range: -38.760000 to -38.760000
Latitude range: -15.050000 to -15.050000
  every 1 pixel(s) is obtained
 
grid dimensions will be ( 2 x 2 )
 
20200824090000-JPL-L4_GHRSST-SSTfnd-MUR-GLOB-v02.0-fv04.1-38.76_-15.05_subset_MUR.nc download finished !
20200825090000-JPL-L4_GHRSST-SSTfnd-MUR-GLOB-v02.0-fv04.1-38.76_-15.05_subset_MUR.nc download finished !
Time spend = 1.4321649074554443 seconds

Please wait while program searching for the granules ...

 
Longitude range: -38.830000 to -38.830000
Latitude range: -14.050000 to -14.050000
  every 1 pixel(s) is obtained
 
grid dimensions will be ( 2 x 2 )
 
20200824090000-JPL-L4_GHRSST-SSTfnd-MUR-GLOB-v02.0-fv04.1-38.83_-14.05_subset_MUR.nc download finished !
20200825090000-JPL-L4_GHRSST-SSTfnd-MUR-GLOB-v02.0-fv04.1-38.83_-14.05_subset_MUR.nc download finished !
Time spend = 1.3353896141052246 seconds

Please wait while program searching for the granules ...

 
Longitude range: -38.290000 to -38.290000
Latitude range: -13.040000 to -13.040000
  every 1 pixel(s) is obtained
 
grid dimensions will be ( 2 x 2 )
 
20200824090000-JPL-L4_GHRSST-SSTfnd-MUR-GLOB-v02.0-fv04.1-38.29_-13.04_subset_MUR.nc download finished !
20200825090000-JPL-L4_GHRSST-SSTfnd-MUR-GLOB-v02.0-fv04.1-38.29_-13.04_subset_MUR.nc download finished !
Time spend = 1.4309697151184082 seconds

Please wait while program searching for the granules ...

 
Longitude range: -37.370000 to -37.370000
Latitude range: -12.030000 to -12.030000
  every 1 pixel(s) is obtained
 
grid dimensions will be ( 2 x 2 )
 
20200824090000-JPL-L4_GHRSST-SSTfnd-MUR-GLOB-v02.0-fv04.1-37.37_-12.03_subset_MUR.nc download finished !
20200825090000-JPL-L4_GHRSST-SSTfnd-MUR-GLOB-v02.0-fv04.1-37.37_-12.03_subset_MUR.nc download finished !
Time spend = 1.277557134628296 seconds

Please wait while program searching for the granules ...

 
Longitude range: -36.590000 to -36.590000
Latitude range: -10.980000 to -10.980000
  every 1 pixel(s) is obtained
 
grid dimensions will be ( 2 x 2 )
 
20200824090000-JPL-L4_GHRSST-SSTfnd-MUR-GLOB-v02.0-fv04.1-36.59_-10.98_subset_MUR.nc download finished !
20200825090000-JPL-L4_GHRSST-SSTfnd-MUR-GLOB-v02.0-fv04.1-36.59_-10.98_subset_MUR.nc download finished !
Time spend = 1.592076301574707 seconds

Please wait while program searching for the granules ...

 
Longitude range: -35.570000 to -35.570000
Latitude range: -9.990000 to -9.990000
  every 1 pixel(s) is obtained
 
grid dimensions will be ( 2 x 2 )
 
20200824090000-JPL-L4_GHRSST-SSTfnd-MUR-GLOB-v02.0-fv04.1-35.57_-9.99_subset_MUR.nc download finished !
20200825090000-JPL-L4_GHRSST-SSTfnd-MUR-GLOB-v02.0-fv04.1-35.57_-9.99_subset_MUR.nc download finished !
Time spend = 1.3729536533355713 seconds

Please wait while program searching for the granules ...

 
Longitude range: -34.820000 to -34.820000
Latitude range: -9.100000 to -9.100000
  every 1 pixel(s) is obtained
 
grid dimensions will be ( 2 x 2 )
 
20200824090000-JPL-L4_GHRSST-SSTfnd-MUR-GLOB-v02.0-fv04.1-34.82_-9.1_subset_MUR.nc download finished !
20200825090000-JPL-L4_GHRSST-SSTfnd-MUR-GLOB-v02.0-fv04.1-34.82_-9.1_subset_MUR.nc download finished !
Time spend = 1.4187366962432861 seconds

Please wait while program searching for the granules ...

 
Longitude range: -34.480000 to -34.480000
Latitude range: -8.020000 to -8.020000
  every 1 pixel(s) is obtained
 
grid dimensions will be ( 2 x 2 )
 
20200824090000-JPL-L4_GHRSST-SSTfnd-MUR-GLOB-v02.0-fv04.1-34.48_-8.02_subset_MUR.nc download finished !
20200825090000-JPL-L4_GHRSST-SSTfnd-MUR-GLOB-v02.0-fv04.1-34.48_-8.02_subset_MUR.nc download finished !
Time spend = 1.7697014808654785 seconds

Please wait while program searching for the granules ...

 
Longitude range: -34.000000 to -34.000000
Latitude range: -7.010000 to -7.010000
  every 1 pixel(s) is obtained
 
grid dimensions will be ( 2 x 2 )
 
20200824090000-JPL-L4_GHRSST-SSTfnd-MUR-GLOB-v02.0-fv04.1-34.0_-7.01_subset_MUR.nc download finished !
20200825090000-JPL-L4_GHRSST-SSTfnd-MUR-GLOB-v02.0-fv04.1-34.0_-7.01_subset_MUR.nc download finished !
Time spend = 1.3562390804290771 seconds

Please wait while program searching for the granules ...

 
Longitude range: -34.860000 to -34.860000
Latitude range: -6.020000 to -6.020000
  every 1 pixel(s) is obtained
 
grid dimensions will be ( 2 x 2 )
 
20200824090000-JPL-L4_GHRSST-SSTfnd-MUR-GLOB-v02.0-fv04.1-34.86_-6.02_subset_MUR.nc download finished !
20200825090000-JPL-L4_GHRSST-SSTfnd-MUR-GLOB-v02.0-fv04.1-34.86_-6.02_subset_MUR.nc download finished !
Time spend = 1.3763220310211182 seconds

Please wait while program searching for the granules ...

 
Longitude range: -34.880000 to -34.880000
Latitude range: -5.110000 to -5.110000
  every 1 pixel(s) is obtained
 
grid dimensions will be ( 2 x 2 )
 
20200824090000-JPL-L4_GHRSST-SSTfnd-MUR-GLOB-v02.0-fv04.1-34.88_-5.11_subset_MUR.nc download finished !
20200825090000-JPL-L4_GHRSST-SSTfnd-MUR-GLOB-v02.0-fv04.1-34.88_-5.11_subset_MUR.nc download finished !
Time spend = 1.4283466339111328 seconds

Please wait while program searching for the granules ...

 
Longitude range: -34.990000 to -34.990000
Latitude range: -5.430000 to -5.430000
  every 1 pixel(s) is obtained
 
grid dimensions will be ( 2 x 2 )
 
20200824090000-JPL-L4_GHRSST-SSTfnd-MUR-GLOB-v02.0-fv04.1-34.99_-5.43_subset_MUR.nc download finished !
20200825090000-JPL-L4_GHRSST-SSTfnd-MUR-GLOB-v02.0-fv04.1-34.99_-5.43_subset_MUR.nc download finished !
Time spend = 1.4395039081573486 seconds

Please wait while program searching for the granules ...

 
Longitude range: -35.940000 to -35.940000
Latitude range: -4.780000 to -4.780000
  every 1 pixel(s) is obtained
 
grid dimensions will be ( 2 x 2 )
 
20200824090000-JPL-L4_GHRSST-SSTfnd-MUR-GLOB-v02.0-fv04.1-35.94_-4.78_subset_MUR.nc download finished !
20200825090000-JPL-L4_GHRSST-SSTfnd-MUR-GLOB-v02.0-fv04.1-35.94_-4.78_subset_MUR.nc download finished !
Time spend = 1.376859188079834 seconds

Please wait while program searching for the granules ...

 
Longitude range: -36.930000 to -36.930000
Latitude range: -4.550000 to -4.550000
  every 1 pixel(s) is obtained
 
grid dimensions will be ( 2 x 2 )
 
20200824090000-JPL-L4_GHRSST-SSTfnd-MUR-GLOB-v02.0-fv04.1-36.93_-4.55_subset_MUR.nc download finished !
20200825090000-JPL-L4_GHRSST-SSTfnd-MUR-GLOB-v02.0-fv04.1-36.93_-4.55_subset_MUR.nc download finished !
Time spend = 1.4795596599578857 seconds

Please wait while program searching for the granules ...

 
Longitude range: -37.950000 to -37.950000
Latitude range: -3.570000 to -3.570000
  every 1 pixel(s) is obtained
 
grid dimensions will be ( 2 x 2 )
 
20200824090000-JPL-L4_GHRSST-SSTfnd-MUR-GLOB-v02.0-fv04.1-37.95_-3.57_subset_MUR.nc download finished !
20200825090000-JPL-L4_GHRSST-SSTfnd-MUR-GLOB-v02.0-fv04.1-37.95_-3.57_subset_MUR.nc download finished !
Time spend = 1.3333897590637207 seconds

Please wait while program searching for the granules ...

 
Longitude range: -38.970000 to -38.970000
Latitude range: -2.920000 to -2.920000
  every 1 pixel(s) is obtained
 
grid dimensions will be ( 2 x 2 )
 
20200824090000-JPL-L4_GHRSST-SSTfnd-MUR-GLOB-v02.0-fv04.1-38.97_-2.92_subset_MUR.nc download finished !
20200825090000-JPL-L4_GHRSST-SSTfnd-MUR-GLOB-v02.0-fv04.1-38.97_-2.92_subset_MUR.nc download finished !
Time spend = 1.4541888236999512 seconds

Please wait while program searching for the granules ...

 
Longitude range: -39.960000 to -39.960000
Latitude range: -2.230000 to -2.230000
  every 1 pixel(s) is obtained
 
grid dimensions will be ( 2 x 2 )
 
20200824090000-JPL-L4_GHRSST-SSTfnd-MUR-GLOB-v02.0-fv04.1-39.96_-2.23_subset_MUR.nc download finished !
20200825090000-JPL-L4_GHRSST-SSTfnd-MUR-GLOB-v02.0-fv04.1-39.96_-2.23_subset_MUR.nc download finished !
Time spend = 1.3502018451690674 seconds

Please wait while program searching for the granules ...

 
Longitude range: -40.910000 to -40.910000
Latitude range: -2.230000 to -2.230000
  every 1 pixel(s) is obtained
 
grid dimensions will be ( 2 x 2 )
 
20200824090000-JPL-L4_GHRSST-SSTfnd-MUR-GLOB-v02.0-fv04.1-40.91_-2.23_subset_MUR.nc download finished !
20200825090000-JPL-L4_GHRSST-SSTfnd-MUR-GLOB-v02.0-fv04.1-40.91_-2.23_subset_MUR.nc download finished !
Time spend = 1.41341233253479 seconds

Please wait while program searching for the granules ...

 
Longitude range: -41.930000 to -41.930000
Latitude range: -2.230000 to -2.230000
  every 1 pixel(s) is obtained
 
grid dimensions will be ( 2 x 2 )
 
20200824090000-JPL-L4_GHRSST-SSTfnd-MUR-GLOB-v02.0-fv04.1-41.93_-2.23_subset_MUR.nc download finished !
20200825090000-JPL-L4_GHRSST-SSTfnd-MUR-GLOB-v02.0-fv04.1-41.93_-2.23_subset_MUR.nc download finished !
Time spend = 1.3862760066986084 seconds

Please wait while program searching for the granules ...

 
Longitude range: -42.980000 to -42.980000
Latitude range: -1.670000 to -1.670000
  every 1 pixel(s) is obtained
 
grid dimensions will be ( 2 x 2 )
 
20200824090000-JPL-L4_GHRSST-SSTfnd-MUR-GLOB-v02.0-fv04.1-42.98_-1.67_subset_MUR.nc download finished !
20200825090000-JPL-L4_GHRSST-SSTfnd-MUR-GLOB-v02.0-fv04.1-42.98_-1.67_subset_MUR.nc download finished !
Time spend = 1.3701603412628174 seconds

Please wait while program searching for the granules ...

 
Longitude range: -43.970000 to -43.970000
Latitude range: -0.390000 to -0.390000
  every 1 pixel(s) is obtained
 
grid dimensions will be ( 2 x 2 )
 
20200824090000-JPL-L4_GHRSST-SSTfnd-MUR-GLOB-v02.0-fv04.1-43.97_-0.39_subset_MUR.nc download finished !
20200825090000-JPL-L4_GHRSST-SSTfnd-MUR-GLOB-v02.0-fv04.1-43.97_-0.39_subset_MUR.nc download finished !
Time spend = 1.3623106479644775 seconds

Please wait while program searching for the granules ...

 
Longitude range: -44.920000 to -44.920000
Latitude range: 0.300000 to 0.300000
  every 1 pixel(s) is obtained
 
grid dimensions will be ( 2 x 2 )
 
20200824090000-JPL-L4_GHRSST-SSTfnd-MUR-GLOB-v02.0-fv04.1-44.92_0.3_subset_MUR.nc download finished !
20200825090000-JPL-L4_GHRSST-SSTfnd-MUR-GLOB-v02.0-fv04.1-44.92_0.3_subset_MUR.nc download finished !
Time spend = 1.4108891487121582 seconds

Please wait while program searching for the granules ...

 
Longitude range: -45.940000 to -45.940000
Latitude range: 0.620000 to 0.620000
  every 1 pixel(s) is obtained
 
grid dimensions will be ( 2 x 2 )
 
20200824090000-JPL-L4_GHRSST-SSTfnd-MUR-GLOB-v02.0-fv04.1-45.94_0.62_subset_MUR.nc download finished !
20200825090000-JPL-L4_GHRSST-SSTfnd-MUR-GLOB-v02.0-fv04.1-45.94_0.62_subset_MUR.nc download finished !
Time spend = 1.3868684768676758 seconds

Please wait while program searching for the granules ...

 
Longitude range: -46.930000 to -46.930000
Latitude range: 1.510000 to 1.510000
  every 1 pixel(s) is obtained
 
grid dimensions will be ( 2 x 2 )
 
20200824090000-JPL-L4_GHRSST-SSTfnd-MUR-GLOB-v02.0-fv04.1-46.93_1.51_subset_MUR.nc download finished !
20200825090000-JPL-L4_GHRSST-SSTfnd-MUR-GLOB-v02.0-fv04.1-46.93_1.51_subset_MUR.nc download finished !
Time spend = 1.3460655212402344 seconds

Please wait while program searching for the granules ...

 
Longitude range: -47.950000 to -47.950000
Latitude range: 2.560000 to 2.560000
  every 1 pixel(s) is obtained
 
grid dimensions will be ( 2 x 2 )
 
20200824090000-JPL-L4_GHRSST-SSTfnd-MUR-GLOB-v02.0-fv04.1-47.95_2.56_subset_MUR.nc download finished !
20200825090000-JPL-L4_GHRSST-SSTfnd-MUR-GLOB-v02.0-fv04.1-47.95_2.56_subset_MUR.nc download finished !
Time spend = 1.729116678237915 seconds

Please wait while program searching for the granules ...

 
Longitude range: -48.940000 to -48.940000
Latitude range: 3.380000 to 3.380000
  every 1 pixel(s) is obtained
 
grid dimensions will be ( 2 x 2 )
 
20200824090000-JPL-L4_GHRSST-SSTfnd-MUR-GLOB-v02.0-fv04.1-48.94_3.38_subset_MUR.nc download finished !
20200825090000-JPL-L4_GHRSST-SSTfnd-MUR-GLOB-v02.0-fv04.1-48.94_3.38_subset_MUR.nc download finished !
Time spend = 1.3377430438995361 seconds

Please wait while program searching for the granules ...

 
Longitude range: -49.960000 to -49.960000
Latitude range: 3.930000 to 3.930000
  every 1 pixel(s) is obtained
 
grid dimensions will be ( 2 x 2 )
 
20200824090000-JPL-L4_GHRSST-SSTfnd-MUR-GLOB-v02.0-fv04.1-49.96_3.93_subset_MUR.nc download finished !
20200825090000-JPL-L4_GHRSST-SSTfnd-MUR-GLOB-v02.0-fv04.1-49.96_3.93_subset_MUR.nc download finished !
Time spend = 1.5584518909454346 seconds

Please wait while program searching for the granules ...

 
Longitude range: -51.010000 to -51.010000
Latitude range: 4.970000 to 4.970000
  every 1 pixel(s) is obtained
 
grid dimensions will be ( 2 x 2 )
 
20200824090000-JPL-L4_GHRSST-SSTfnd-MUR-GLOB-v02.0-fv04.1-51.01_4.97_subset_MUR.nc download finished !
20200825090000-JPL-L4_GHRSST-SSTfnd-MUR-GLOB-v02.0-fv04.1-51.01_4.97_subset_MUR.nc download finished !
Time spend = 1.4297125339508057 seconds

Please wait while program searching for the granules ...

 
Longitude range: -51.960000 to -51.960000
Latitude range: 5.790000 to 5.790000
  every 1 pixel(s) is obtained
 
grid dimensions will be ( 2 x 2 )
 
20200824090000-JPL-L4_GHRSST-SSTfnd-MUR-GLOB-v02.0-fv04.1-51.96_5.79_subset_MUR.nc download finished !
20200825090000-JPL-L4_GHRSST-SSTfnd-MUR-GLOB-v02.0-fv04.1-51.96_5.79_subset_MUR.nc download finished !
Time spend = 1.4226293563842773 seconds

Please wait while program searching for the granules ...

 
Longitude range: -52.940000 to -52.940000
Latitude range: 6.580000 to 6.580000
  every 1 pixel(s) is obtained
 
grid dimensions will be ( 2 x 2 )
 
20200824090000-JPL-L4_GHRSST-SSTfnd-MUR-GLOB-v02.0-fv04.1-52.94_6.58_subset_MUR.nc download finished !
20200825090000-JPL-L4_GHRSST-SSTfnd-MUR-GLOB-v02.0-fv04.1-52.94_6.58_subset_MUR.nc download finished !
Time spend = 1.4856605529785156 seconds

Please wait while program searching for the granules ...

 
Longitude range: -53.930000 to -53.930000
Latitude range: 6.910000 to 6.910000
  every 1 pixel(s) is obtained
 
grid dimensions will be ( 2 x 2 )
 
20200824090000-JPL-L4_GHRSST-SSTfnd-MUR-GLOB-v02.0-fv04.1-53.93_6.91_subset_MUR.nc download finished !
20200825090000-JPL-L4_GHRSST-SSTfnd-MUR-GLOB-v02.0-fv04.1-53.93_6.91_subset_MUR.nc download finished !
Time spend = 1.5159673690795898 seconds
Download - Ponto 1 OK!
Download - Ponto 2 OK!
Download - Ponto 3 OK!
Download - Ponto 4 OK!
Download - Ponto 5 OK!
Download - Ponto 6 OK!
Download - Ponto 7 OK!
Download - Ponto 8 OK!
Download - Ponto 9 OK!
Download - Ponto 10 OK!
Download - Ponto 11 OK!
Download - Ponto 12 OK!
Download - Ponto 13 OK!
Download - Ponto 14 OK!
Download - Ponto 15 OK!
Download - Ponto 16 OK!
Download - Ponto 17 OK!
Download - Ponto 18 OK!
Download - Ponto 19 OK!
Download - Ponto 20 OK!
Download - Ponto 21 OK!
Download - Ponto 22 OK!
Download - Ponto 23 OK!
Download - Ponto 24 OK!
Download - Ponto 25 OK!
Download - Ponto 26 OK!
Download - Ponto 27 OK!
Download - Ponto 28 OK!
Download - Ponto 29 OK!
Download - Ponto 30 OK!
Download - Ponto 31 OK!
Download - Ponto 32 OK!
Download - Ponto 33 OK!
Download - Ponto 34 OK!
Download - Ponto 35 OK!
Download - Ponto 36 OK!
Download - Ponto 37 OK!
Download - Ponto 38 OK!
Download - Ponto 39 OK!
Download - Ponto 40 OK!
Download - Ponto 41 OK!
Download - Ponto 42 OK!
Download - Ponto 43 OK!
Download - Ponto 44 OK!
Download - Ponto 45 OK!
Download - Ponto 46 OK!
Download - Ponto 47 OK!
Download - Ponto 48 OK!
Download - Ponto 49 OK!
Download - Ponto 50 OK!
Download - Ponto 51 OK!
Download - Ponto 52 OK!
Download - Ponto 53 OK!
Download - Ponto 54 OK!
Download - Ponto 55 OK!
Download - Ponto 56 OK!
Download - Ponto 57 OK!
Download - Ponto 58 OK!
Download - Ponto 59 OK!
Download - Ponto 60 OK!
Download - Ponto 61 OK!
      lat    lon             datahora        sst
0  -27.02 -47.70  2020-08-24 09:00:00  19.840000
1  -27.02 -47.70  2020-08-25 09:00:00  19.459999
2  -26.05 -47.13  2020-08-24 09:00:00  19.980000
3  -26.05 -47.13  2020-08-25 09:00:00  19.690001
4  -25.04 -45.57  2020-08-24 09:00:00  21.350000
..    ...    ...                  ...        ...
91   5.79 -51.96  2020-08-25 09:00:00  28.790001
92   6.58 -52.94  2020-08-24 09:00:00  28.650000
93   6.58 -52.94  2020-08-25 09:00:00  28.200001
94   6.91 -53.93  2020-08-24 09:00:00  28.969999
95   6.91 -53.93  2020-08-25 09:00:00  28.469999

[96 rows x 4 columns]
                       lat    lon        sst
datahora                                    
2020-08-24 09:00:00 -27.02 -47.70  19.840000
2020-08-25 09:00:00 -27.02 -47.70  19.459999
2020-08-24 09:00:00 -26.05 -47.13  19.980000
2020-08-25 09:00:00 -26.05 -47.13  19.690001
2020-08-24 09:00:00 -25.04 -45.57  21.350000
...                    ...    ...        ...
2020-08-25 09:00:00   5.79 -51.96  28.790001
2020-08-24 09:00:00   6.58 -52.94  28.650000
2020-08-25 09:00:00   6.58 -52.94  28.200001
2020-08-24 09:00:00   6.91 -53.93  28.969999
2020-08-25 09:00:00   6.91 -53.93  28.469999

[96 rows x 3 columns]
Dados inseridos com sucesso!
Programa MUR finalizado.
