Pier
Tem dados para esse pico
Campeche
Tem dados para esse pico
Praia do Caldeirao
Tem dados para esse pico
Morro das Pedras
Tem dados para esse pico
Novo Campeche
Tem dados para esse pico
Santinho
Tem dados para esse pico
Ingleses
Tem dados para esse pico
Quilombo Pico
Tem dados para esse pico
Quilombo Meio
Tem dados para esse pico
Prainha
Tem dados para esse pico
Praia Grande
Tem dados para esse pico
Praia de Leste
Tem dados para esse pico
Lado direito do pier
Tem dados para esse pico
Lado esquerdo do pier
Tem dados para esse pico
Divisa
Tem dados para esse pico
Quebra-Mar
Tem dados para esse pico
Monduba
Tem dados para esse pico
Riviera Canto Direito
Tem dados para esse pico
Riviera Meio
Tem dados para esse pico
Juquei
Tem dados para esse pico
Camburi
Tem dados para esse pico
Maresias Canto
Tem dados para esse pico
Maresias
Tem dados para esse pico
Ule
Tem dados para esse pico
Tiririca
Tem dados para esse pico
Icarai
Tem dados para esse pico
Atalaia
Tem dados para esse pico
